<?xml version="1.0" encoding="UTF-8"?>
<!-- Generated by org.testng.reporters.JUnitXMLReporter -->
<testsuite ignored="2" hostname="DESKTOP-1U92PBD" failures="0" tests="3" name="Test" time="3.541" errors="0" timestamp="2022-12-11T22:29:53 CST">
  <testcase classname="Test.LoginTest" name="run" time="0.179"/>
  <testcase classname="Test.TaskTest" name="run" time="1.192"/>
  <testcase classname="Test.UploadTest" name="run" time="2.093"/>
  <testcase classname="Base.TestBase" name="@BeforeSuite setup" time="0.0">
    <ignored/>
  </testcase> <!-- @BeforeSuite setup -->
  <testcase classname="Base.TestBase" name="@BeforeSuite setup" time="0.0">
    <ignored/>
  </testcase> <!-- @BeforeSuite setup -->
</testsuite> <!-- Test -->
