<?xml version="1.0" encoding="UTF-8"?>
<!-- Generated by org.testng.reporters.JUnitXMLReporter -->
<testsuite ignored="1" hostname="DESKTOP-1U92PBD" failures="0" tests="2" name="Test" time="0.955" errors="0" timestamp="2022-12-11T21:45:32 CST">
  <testcase classname="Test.LoginTest" name="run" time="0.166"/>
  <testcase classname="Test.TaskTest" name="run" time="0.718"/>
  <testcase classname="Base.TestBase" name="@BeforeSuite setup" time="0.0">
    <ignored/>
  </testcase> <!-- @BeforeSuite setup -->
</testsuite> <!-- Test -->
