<?xml version="1.0" encoding="UTF-8"?>
<testng-results ignored="3" total="7" passed="4" failed="0" skipped="0">
  <reporter-output>
  </reporter-output>
  <suite started-at="2022-12-12T11:38:40 CST" name="Suite" finished-at="2022-12-12T11:38:44 CST" duration-ms="4394">
    <groups>
    </groups>
    <test started-at="2022-12-12T11:38:40 CST" name="Test" finished-at="2022-12-12T11:38:44 CST" duration-ms="4394">
      <class name="Test.deleteTest">
        <test-method is-config="true" signature="init()[pri:0, instance:Test.deleteTest@397fbdb]" started-at="2022-12-12T11:38:40 CST" name="init" finished-at="2022-12-12T11:38:40 CST" duration-ms="0" status="PASS">
          <reporter-output>
          </reporter-output>
        </test-method> <!-- init -->
        <test-method signature="run()[pri:0, instance:Test.deleteTest@397fbdb]" started-at="2022-12-12T11:38:43 CST" name="run" finished-at="2022-12-12T11:38:44 CST" duration-ms="694" status="PASS">
          <reporter-output>
          </reporter-output>
        </test-method> <!-- run -->
      </class> <!-- Test.deleteTest -->
      <class name="Test.UploadTest">
        <test-method is-config="true" signature="init()[pri:0, instance:Test.UploadTest@3590fc5b]" started-at="2022-12-12T11:38:40 CST" name="init" finished-at="2022-12-12T11:38:40 CST" duration-ms="1" status="PASS">
          <reporter-output>
          </reporter-output>
        </test-method> <!-- init -->
        <test-method signature="run()[pri:0, instance:Test.UploadTest@3590fc5b]" started-at="2022-12-12T11:38:41 CST" name="run" finished-at="2022-12-12T11:38:43 CST" duration-ms="2160" status="PASS">
          <reporter-output>
          </reporter-output>
        </test-method> <!-- run -->
      </class> <!-- Test.UploadTest -->
      <class name="Test.TaskTest">
        <test-method is-config="true" signature="init()[pri:0, instance:Test.TaskTest@41d477ed]" started-at="2022-12-12T11:38:40 CST" name="init" finished-at="2022-12-12T11:38:40 CST" duration-ms="1" status="PASS">
          <reporter-output>
          </reporter-output>
        </test-method> <!-- init -->
        <test-method signature="run()[pri:0, instance:Test.TaskTest@41d477ed]" started-at="2022-12-12T11:38:40 CST" name="run" finished-at="2022-12-12T11:38:41 CST" duration-ms="1274" status="PASS">
          <reporter-output>
          </reporter-output>
        </test-method> <!-- run -->
      </class> <!-- Test.TaskTest -->
      <class name="Test.LoginTest">
        <test-method is-config="true" signature="setup()[pri:0, instance:Test.LoginTest@71d44a3]" started-at="2022-12-12T11:38:36 CST" name="setup" finished-at="2022-12-12T11:38:40 CST" duration-ms="3427" status="PASS">
          <reporter-output>
          </reporter-output>
        </test-method> <!-- setup -->
        <test-method is-config="true" signature="init()[pri:0, instance:Test.LoginTest@71d44a3]" started-at="2022-12-12T11:38:40 CST" name="init" finished-at="2022-12-12T11:38:40 CST" duration-ms="26" status="PASS">
          <reporter-output>
          </reporter-output>
        </test-method> <!-- init -->
        <test-method signature="run()[pri:0, instance:Test.LoginTest@71d44a3]" started-at="2022-12-12T11:38:40 CST" name="run" finished-at="2022-12-12T11:38:40 CST" duration-ms="197" status="PASS">
          <reporter-output>
          </reporter-output>
        </test-method> <!-- run -->
      </class> <!-- Test.LoginTest -->
    </test> <!-- Test -->
  </suite> <!-- Suite -->
</testng-results>
